================================================================================
Rule No. 6 : psub_StampErrorFloat

Real Error Count : 1; Flat Error Count : 1
================================================================================

--------------------------------------------------------------------------------
Cell Name : AND2 layout traffic

                   Cell Errors    Real Errors   Cell Placements     Environments
                             1              1                 1                1
--------------------------------------------------------------------------------
Env.  Env. Placements            X1           Y1          X2           Y2

  1        1                  1.805        0.286      16.520       10.350

Shape               Environments Status & Error Marker 

          1           X1         Y1         X2         Y2

   1      X        1.805      0.286     16.520     10.350

================================================================================
Rule No. 9 : wel_StampErrorFloat

Real Error Count : 1; Flat Error Count : 1
================================================================================

--------------------------------------------------------------------------------
Cell Name : AND2 layout traffic

                   Cell Errors    Real Errors   Cell Placements     Environments
                             1              1                 1                1
--------------------------------------------------------------------------------
Env.  Env. Placements            X1           Y1          X2           Y2

  1        1                  3.181        5.898      14.323        8.704

Shape               Environments Status & Error Marker 

          1           X1         Y1         X2         Y2

   1      X        3.181      5.898     14.323      8.704

